<?xml version="1.0" encoding="UTF-8"?>
<testsuite xmlns:xsi="http://www.w3.org/2001/XMLSchema-instance" xsi:noNamespaceSchemaLocation="https://maven.apache.org/surefire/maven-surefire-plugin/xsd/surefire-test-report-3.0.xsd" version="3.0" name="com.tatutaller.controller.AuthControllerTest" time="12.054" tests="25" errors="0" skipped="0" failures="0">
  <properties>
[...]
</properties>
  <testcase name="login_ConCredencialesInvalidas_DeberiaRetornarError" classname="com.tatutaller.controller.AuthControllerTest" time="1.034">
    <system-out><![CDATA[21:16:24.783 [main] INFO org.springframework.test.context.support.AnnotationConfigContextLoaderUtils -- Could not detect default configuration classes for test class [com.tatutaller.controller.AuthControllerTest]: AuthControllerTest does not declare any static, non-private, non-final, nested classes annotated with @Configuration.
21:16:25.262 [main] INFO org.springframework.boot.test.context.SpringBootTestContextBootstrapper -- Found @SpringBootConfiguration com.tatutaller.TatuTallerBackendApplication for test class com.tatutaller.controller.AuthControllerTest
21:16:25.597 [main] INFO org.springframework.boot.devtools.restart.RestartApplicationListener -- Restart disabled due to context in which it is running

  .   ____          _            __ _ _
 /\\ / ___'_ __ _ _(_)_ __  __ _ \ \ \ \
( ( )\___ | '_ | '_| | '_ \/ _` | \ \ \ \
 \\/  ___)| |_)| | | | | || (_| |  ) ) ) )
  '  |____| .__|_| |_|_| |_\__, | / / / /
 =========|_|==============|___/=/_/_/_/
 :: Spring Boot ::                (v3.2.0)

2025-06-28T21:16:26.551-03:00  INFO 6180 --- [tatutallerdb] [           main] c.t.controller.AuthControllerTest        : Starting AuthControllerTest using Java 17.0.8 with PID 6180 (started by sofia in C:\Users\sofia\OneDrive\Documents\ORT ATI\Proyecto Integrador\TatuTallerBACK)
2025-06-28T21:16:26.552-03:00 DEBUG 6180 --- [tatutallerdb] [           main] c.t.controller.AuthControllerTest        : Running with Spring Boot v3.2.0, Spring v6.1.1
2025-06-28T21:16:26.554-03:00  INFO 6180 --- [tatutallerdb] [           main] c.t.controller.AuthControllerTest        : No active profile set, falling back to 1 default profile: "default"
2025-06-28T21:16:33.159-03:00  INFO 6180 --- [tatutallerdb] [           main] o.s.s.web.DefaultSecurityFilterChain     : Will secure any request with [org.springframework.security.web.session.DisableEncodeUrlFilter@5a82bc58, org.springframework.security.web.context.request.async.WebAsyncManagerIntegrationFilter@4aab7195, org.springframework.security.web.context.SecurityContextHolderFilter@52285a5f, org.springframework.security.web.header.HeaderWriterFilter@27db45f, org.springframework.web.filter.CorsFilter@6210666c, org.springframework.security.web.authentication.logout.LogoutFilter@4cb4c4cc, com.tatutaller.security.AuthTokenFilter@3b65084e, org.springframework.security.web.savedrequest.RequestCacheAwareFilter@224e6e88, org.springframework.security.web.servletapi.SecurityContextHolderAwareRequestFilter@70139a81, org.springframework.security.web.authentication.AnonymousAuthenticationFilter@1dca62c2, org.springframework.security.web.session.SessionManagementFilter@4b32465, org.springframework.security.web.access.ExceptionTranslationFilter@73b0ed03, org.springframework.security.web.access.intercept.AuthorizationFilter@5cbe95b1]
2025-06-28T21:16:33.937-03:00 DEBUG 6180 --- [tatutallerdb] [           main] c.tatutaller.security.AuthTokenFilter    : Filter 'authenticationJwtTokenFilter' configured for use
2025-06-28T21:16:33.938-03:00 DEBUG 6180 --- [tatutallerdb] [           main] c.tatutaller.security.AuthTokenFilter    : Filter 'com.tatutaller.security.AuthTokenFilter' configured for use
2025-06-28T21:16:33.959-03:00  INFO 6180 --- [tatutallerdb] [           main] o.s.b.t.m.w.SpringBootMockServletContext : Initializing Spring TestDispatcherServlet ''
2025-06-28T21:16:33.960-03:00  INFO 6180 --- [tatutallerdb] [           main] o.s.t.web.servlet.TestDispatcherServlet  : Initializing Servlet ''
2025-06-28T21:16:33.965-03:00  INFO 6180 --- [tatutallerdb] [           main] o.s.t.web.servlet.TestDispatcherServlet  : Completed initialization in 4 ms
2025-06-28T21:16:34.049-03:00  INFO 6180 --- [tatutallerdb] [           main] c.t.controller.AuthControllerTest        : Started AuthControllerTest in 8.497 seconds (process running for 11.65)
2025-06-28T21:16:34.397-03:00 DEBUG 6180 --- [tatutallerdb] [           main] o.s.security.web.FilterChainProxy        : Securing POST /api/auth/login
2025-06-28T21:16:34.419-03:00 DEBUG 6180 --- [tatutallerdb] [           main] o.s.s.w.a.AnonymousAuthenticationFilter  : Set SecurityContextHolder to anonymous SecurityContext
2025-06-28T21:16:34.421-03:00 DEBUG 6180 --- [tatutallerdb] [           main] o.s.security.web.FilterChainProxy        : Secured POST /api/auth/login
=== RECIBIDA PETICIÓN POST LOGIN ===
Email recibido: 'user@test.com'
Password recibido: 'wrongpassword'
=======================================
Intento de login para email: user@test.com
]]></system-out>
    <system-err><![CDATA[Error en login para user@test.com: Credenciales inválidas
java.lang.RuntimeException: Credenciales inválidas
	at com.tatutaller.service.AuthService.authenticateUser(AuthService.java:33)
	at com.tatutaller.controller.AuthController.authenticateUser(AuthController.java:37)
	at java.base/jdk.internal.reflect.NativeMethodAccessorImpl.invoke0(Native Method)
	at java.base/jdk.internal.reflect.NativeMethodAccessorImpl.invoke(NativeMethodAccessorImpl.java:77)
	at java.base/jdk.internal.reflect.DelegatingMethodAccessorImpl.invoke(DelegatingMethodAccessorImpl.java:43)
	at java.base/java.lang.reflect.Method.invoke(Method.java:568)
	at org.springframework.web.method.support.InvocableHandlerMethod.doInvoke(InvocableHandlerMethod.java:254)
	at org.springframework.web.method.support.InvocableHandlerMethod.invokeForRequest(InvocableHandlerMethod.java:182)
	at org.springframework.web.servlet.mvc.method.annotation.ServletInvocableHandlerMethod.invokeAndHandle(ServletInvocableHandlerMethod.java:118)
	at org.springframework.web.servlet.mvc.method.annotation.RequestMappingHandlerAdapter.invokeHandlerMethod(RequestMappingHandlerAdapter.java:917)
	at org.springframework.web.servlet.mvc.method.annotation.RequestMappingHandlerAdapter.handleInternal(RequestMappingHandlerAdapter.java:829)
	at org.springframework.web.servlet.mvc.method.AbstractHandlerMethodAdapter.handle(AbstractHandlerMethodAdapter.java:87)
	at org.springframework.web.servlet.DispatcherServlet.doDispatch(DispatcherServlet.java:1089)
	at org.springframework.web.servlet.DispatcherServlet.doService(DispatcherServlet.java:979)
	at org.springframework.web.servlet.FrameworkServlet.processRequest(FrameworkServlet.java:1014)
	at org.springframework.web.servlet.FrameworkServlet.doPost(FrameworkServlet.java:914)
	at jakarta.servlet.http.HttpServlet.service(HttpServlet.java:590)
	at org.springframework.web.servlet.FrameworkServlet.service(FrameworkServlet.java:885)
	at org.springframework.test.web.servlet.TestDispatcherServlet.service(TestDispatcherServlet.java:72)
	at jakarta.servlet.http.HttpServlet.service(HttpServlet.java:658)
	at org.springframework.mock.web.MockFilterChain$ServletFilterProxy.doFilter(MockFilterChain.java:165)
	at org.springframework.mock.web.MockFilterChain.doFilter(MockFilterChain.java:132)
	at com.tatutaller.security.AuthTokenFilter.doFilterInternal(AuthTokenFilter.java:49)
	at org.springframework.web.filter.OncePerRequestFilter.doFilter(OncePerRequestFilter.java:116)
	at org.springframework.test.web.servlet.setup.MockMvcFilterDecorator.doFilter(MockMvcFilterDecorator.java:151)
	at org.springframework.mock.web.MockFilterChain.doFilter(MockFilterChain.java:132)
	at org.springframework.web.filter.OncePerRequestFilter.doFilter(OncePerRequestFilter.java:110)
	at org.springframework.test.web.servlet.setup.MockMvcFilterDecorator.doFilter(MockMvcFilterDecorator.java:151)
	at org.springframework.mock.web.MockFilterChain.doFilter(MockFilterChain.java:132)
	at org.springframework.security.web.FilterChainProxy.lambda$doFilterInternal$3(FilterChainProxy.java:231)
	at org.springframework.security.web.FilterChainProxy$VirtualFilterChain.doFilter(FilterChainProxy.java:365)
	at org.springframework.security.web.access.intercept.AuthorizationFilter.doFilter(AuthorizationFilter.java:100)
	at org.springframework.security.web.FilterChainProxy$VirtualFilterChain.doFilter(FilterChainProxy.java:374)
	at org.springframework.security.web.access.ExceptionTranslationFilter.doFilter(ExceptionTranslationFilter.java:126)
	at org.springframework.security.web.access.ExceptionTranslationFilter.doFilter(ExceptionTranslationFilter.java:120)
	at org.springframework.security.web.FilterChainProxy$VirtualFilterChain.doFilter(FilterChainProxy.java:374)
	at org.springframework.security.web.session.SessionManagementFilter.doFilter(SessionManagementFilter.java:131)
	at org.springframework.security.web.session.SessionManagementFilter.doFilter(SessionManagementFilter.java:85)
	at org.springframework.security.web.FilterChainProxy$VirtualFilterChain.doFilter(FilterChainProxy.java:374)
	at org.springframework.security.web.authentication.AnonymousAuthenticationFilter.doFilter(AnonymousAuthenticationFilter.java:100)
	at org.springframework.security.web.FilterChainProxy$VirtualFilterChain.doFilter(FilterChainProxy.java:374)
	at org.springframework.security.web.servletapi.SecurityContextHolderAwareRequestFilter.doFilter(SecurityContextHolderAwareRequestFilter.java:179)
	at org.springframework.security.web.FilterChainProxy$VirtualFilterChain.doFilter(FilterChainProxy.java:374)
	at org.springframework.security.web.savedrequest.RequestCacheAwareFilter.doFilter(RequestCacheAwareFilter.java:63)
	at org.springframework.security.web.FilterChainProxy$VirtualFilterChain.doFilter(FilterChainProxy.java:374)
	at com.tatutaller.security.AuthTokenFilter.doFilterInternal(AuthTokenFilter.java:49)
	at org.springframework.web.filter.OncePerRequestFilter.doFilter(OncePerRequestFilter.java:116)
	at org.springframework.security.web.FilterChainProxy$VirtualFilterChain.doFilter(FilterChainProxy.java:374)
	at org.springframework.security.web.authentication.logout.LogoutFilter.doFilter(LogoutFilter.java:107)
	at org.springframework.security.web.authentication.logout.LogoutFilter.doFilter(LogoutFilter.java:93)
	at org.springframework.security.web.FilterChainProxy$VirtualFilterChain.doFilter(FilterChainProxy.java:374)
	at org.springframework.web.filter.CorsFilter.doFilterInternal(CorsFilter.java:91)
	at org.springframework.web.filter.OncePerRequestFilter.doFilter(OncePerRequestFilter.java:116)
	at org.springframework.security.web.FilterChainProxy$VirtualFilterChain.doFilter(FilterChainProxy.java:374)
	at org.springframework.security.web.header.HeaderWriterFilter.doHeadersAfter(HeaderWriterFilter.java:90)
	at org.springframework.security.web.header.HeaderWriterFilter.doFilterInternal(HeaderWriterFilter.java:75)
	at org.springframework.web.filter.OncePerRequestFilter.doFilter(OncePerRequestFilter.java:116)
	at org.springframework.security.web.FilterChainProxy$VirtualFilterChain.doFilter(FilterChainProxy.java:374)
	at org.springframework.security.web.context.SecurityContextHolderFilter.doFilter(SecurityContextHolderFilter.java:82)
	at org.springframework.security.web.context.SecurityContextHolderFilter.doFilter(SecurityContextHolderFilter.java:69)
	at org.springframework.security.web.FilterChainProxy$VirtualFilterChain.doFilter(FilterChainProxy.java:374)
	at org.springframework.security.web.context.request.async.WebAsyncManagerIntegrationFilter.doFilterInternal(WebAsyncManagerIntegrationFilter.java:62)
	at org.springframework.web.filter.OncePerRequestFilter.doFilter(OncePerRequestFilter.java:116)
	at org.springframework.security.web.FilterChainProxy$VirtualFilterChain.doFilter(FilterChainProxy.java:374)
	at org.springframework.security.web.session.DisableEncodeUrlFilter.doFilterInternal(DisableEncodeUrlFilter.java:42)
	at org.springframework.web.filter.OncePerRequestFilter.doFilter(OncePerRequestFilter.java:116)
	at org.springframework.security.web.FilterChainProxy$VirtualFilterChain.doFilter(FilterChainProxy.java:374)
	at org.springframework.security.web.FilterChainProxy.doFilterInternal(FilterChainProxy.java:233)
	at org.springframework.security.web.FilterChainProxy.doFilter(FilterChainProxy.java:191)
	at org.springframework.web.filter.DelegatingFilterProxy.invokeDelegate(DelegatingFilterProxy.java:352)
	at org.springframework.web.filter.DelegatingFilterProxy.doFilter(DelegatingFilterProxy.java:268)
	at org.springframework.test.web.servlet.setup.MockMvcFilterDecorator.doFilter(MockMvcFilterDecorator.java:151)
	at org.springframework.mock.web.MockFilterChain.doFilter(MockFilterChain.java:132)
	at org.springframework.web.filter.RequestContextFilter.doFilterInternal(RequestContextFilter.java:100)
	at org.springframework.web.filter.OncePerRequestFilter.doFilter(OncePerRequestFilter.java:116)
	at org.springframework.test.web.servlet.setup.MockMvcFilterDecorator.doFilter(MockMvcFilterDecorator.java:151)
	at org.springframework.mock.web.MockFilterChain.doFilter(MockFilterChain.java:132)
	at org.springframework.web.filter.FormContentFilter.doFilterInternal(FormContentFilter.java:93)
	at org.springframework.web.filter.OncePerRequestFilter.doFilter(OncePerRequestFilter.java:116)
	at org.springframework.test.web.servlet.setup.MockMvcFilterDecorator.doFilter(MockMvcFilterDecorator.java:151)
	at org.springframework.mock.web.MockFilterChain.doFilter(MockFilterChain.java:132)
	at org.springframework.web.filter.CharacterEncodingFilter.doFilterInternal(CharacterEncodingFilter.java:201)
	at org.springframework.web.filter.OncePerRequestFilter.doFilter(OncePerRequestFilter.java:116)
	at org.springframework.test.web.servlet.setup.MockMvcFilterDecorator.doFilter(MockMvcFilterDecorator.java:151)
	at org.springframework.mock.web.MockFilterChain.doFilter(MockFilterChain.java:132)
	at org.springframework.test.web.servlet.MockMvc.perform(MockMvc.java:201)
	at com.tatutaller.controller.AuthControllerTest.login_ConCredencialesInvalidas_DeberiaRetornarError(AuthControllerTest.java:96)
	at java.base/jdk.internal.reflect.NativeMethodAccessorImpl.invoke0(Native Method)
	at java.base/jdk.internal.reflect.NativeMethodAccessorImpl.invoke(NativeMethodAccessorImpl.java:77)
	at java.base/jdk.internal.reflect.DelegatingMethodAccessorImpl.invoke(DelegatingMethodAccessorImpl.java:43)
	at java.base/java.lang.reflect.Method.invoke(Method.java:568)
	at org.junit.platform.commons.util.ReflectionUtils.invokeMethod(ReflectionUtils.java:728)
	at org.junit.jupiter.engine.execution.MethodInvocation.proceed(MethodInvocation.java:60)
	at org.junit.jupiter.engine.execution.InvocationInterceptorChain$ValidatingInvocation.proceed(InvocationInterceptorChain.java:131)
	at org.junit.jupiter.engine.extension.TimeoutExtension.intercept(TimeoutExtension.java:156)
	at org.junit.jupiter.engine.extension.TimeoutExtension.interceptTestableMethod(TimeoutExtension.java:147)
	at org.junit.jupiter.engine.extension.TimeoutExtension.interceptTestMethod(TimeoutExtension.java:86)
	at org.junit.jupiter.engine.execution.InterceptingExecutableInvoker$ReflectiveInterceptorCall.lambda$ofVoidMethod$0(InterceptingExecutableInvoker.java:103)
	at org.junit.jupiter.engine.execution.InterceptingExecutableInvoker.lambda$invoke$0(InterceptingExecutableInvoker.java:93)
	at org.junit.jupiter.engine.execution.InvocationInterceptorChain$InterceptedInvocation.proceed(InvocationInterceptorChain.java:106)
	at org.junit.jupiter.engine.execution.InvocationInterceptorChain.proceed(InvocationInterceptorChain.java:64)
	at org.junit.jupiter.engine.execution.InvocationInterceptorChain.chainAndInvoke(InvocationInterceptorChain.java:45)
	at org.junit.jupiter.engine.execution.InvocationInterceptorChain.invoke(InvocationInterceptorChain.java:37)
	at org.junit.jupiter.engine.execution.InterceptingExecutableInvoker.invoke(InterceptingExecutableInvoker.java:92)
	at org.junit.jupiter.engine.execution.InterceptingExecutableInvoker.invoke(InterceptingExecutableInvoker.java:86)
	at org.junit.jupiter.engine.descriptor.TestMethodTestDescriptor.lambda$invokeTestMethod$7(TestMethodTestDescriptor.java:218)
	at org.junit.platform.engine.support.hierarchical.ThrowableCollector.execute(ThrowableCollector.java:73)
	at org.junit.jupiter.engine.descriptor.TestMethodTestDescriptor.invokeTestMethod(TestMethodTestDescriptor.java:214)
	at org.junit.jupiter.engine.descriptor.TestMethodTestDescriptor.execute(TestMethodTestDescriptor.java:139)
	at org.junit.jupiter.engine.descriptor.TestMethodTestDescriptor.execute(TestMethodTestDescriptor.java:69)
	at org.junit.platform.engine.support.hierarchical.NodeTestTask.lambda$executeRecursively$6(NodeTestTask.java:151)
	at org.junit.platform.engine.support.hierarchical.ThrowableCollector.execute(ThrowableCollector.java:73)
	at org.junit.platform.engine.support.hierarchical.NodeTestTask.lambda$executeRecursively$8(NodeTestTask.java:141)
	at org.junit.platform.engine.support.hierarchical.Node.around(Node.java:137)
	at org.junit.platform.engine.support.hierarchical.NodeTestTask.lambda$executeRecursively$9(NodeTestTask.java:139)
	at org.junit.platform.engine.support.hierarchical.ThrowableCollector.execute(ThrowableCollector.java:73)
	at org.junit.platform.engine.support.hierarchical.NodeTestTask.executeRecursively(NodeTestTask.java:138)
	at org.junit.platform.engine.support.hierarchical.NodeTestTask.execute(NodeTestTask.java:95)
	at java.base/java.util.ArrayList.forEach(ArrayList.java:1511)
	at org.junit.platform.engine.support.hierarchical.SameThreadHierarchicalTestExecutorService.invokeAll(SameThreadHierarchicalTestExecutorService.java:41)
	at org.junit.platform.engine.support.hierarchical.NodeTestTask.lambda$executeRecursively$6(NodeTestTask.java:155)
	at org.junit.platform.engine.support.hierarchical.ThrowableCollector.execute(ThrowableCollector.java:73)
	at org.junit.platform.engine.support.hierarchical.NodeTestTask.lambda$executeRecursively$8(NodeTestTask.java:141)
	at org.junit.platform.engine.support.hierarchical.Node.around(Node.java:137)
	at org.junit.platform.engine.support.hierarchical.NodeTestTask.lambda$executeRecursively$9(NodeTestTask.java:139)
	at org.junit.platform.engine.support.hierarchical.ThrowableCollector.execute(ThrowableCollector.java:73)
	at org.junit.platform.engine.support.hierarchical.NodeTestTask.executeRecursively(NodeTestTask.java:138)
	at org.junit.platform.engine.support.hierarchical.NodeTestTask.execute(NodeTestTask.java:95)
	at java.base/java.util.ArrayList.forEach(ArrayList.java:1511)
	at org.junit.platform.engine.support.hierarchical.SameThreadHierarchicalTestExecutorService.invokeAll(SameThreadHierarchicalTestExecutorService.java:41)
	at org.junit.platform.engine.support.hierarchical.NodeTestTask.lambda$executeRecursively$6(NodeTestTask.java:155)
	at org.junit.platform.engine.support.hierarchical.ThrowableCollector.execute(ThrowableCollector.java:73)
	at org.junit.platform.engine.support.hierarchical.NodeTestTask.lambda$executeRecursively$8(NodeTestTask.java:141)
	at org.junit.platform.engine.support.hierarchical.Node.around(Node.java:137)
	at org.junit.platform.engine.support.hierarchical.NodeTestTask.lambda$executeRecursively$9(NodeTestTask.java:139)
	at org.junit.platform.engine.support.hierarchical.ThrowableCollector.execute(ThrowableCollector.java:73)
	at org.junit.platform.engine.support.hierarchical.NodeTestTask.executeRecursively(NodeTestTask.java:138)
	at org.junit.platform.engine.support.hierarchical.NodeTestTask.execute(NodeTestTask.java:95)
	at org.junit.platform.engine.support.hierarchical.SameThreadHierarchicalTestExecutorService.submit(SameThreadHierarchicalTestExecutorService.java:35)
	at org.junit.platform.engine.support.hierarchical.HierarchicalTestExecutor.execute(HierarchicalTestExecutor.java:57)
	at org.junit.platform.engine.support.hierarchical.HierarchicalTestEngine.execute(HierarchicalTestEngine.java:54)
	at org.junit.platform.launcher.core.EngineExecutionOrchestrator.execute(EngineExecutionOrchestrator.java:198)
	at org.junit.platform.launcher.core.EngineExecutionOrchestrator.execute(EngineExecutionOrchestrator.java:169)
	at org.junit.platform.launcher.core.EngineExecutionOrchestrator.execute(EngineExecutionOrchestrator.java:93)
	at org.junit.platform.launcher.core.EngineExecutionOrchestrator.lambda$execute$0(EngineExecutionOrchestrator.java:58)
	at org.junit.platform.launcher.core.EngineExecutionOrchestrator.withInterceptedStreams(EngineExecutionOrchestrator.java:141)
	at org.junit.platform.launcher.core.EngineExecutionOrchestrator.execute(EngineExecutionOrchestrator.java:57)
	at org.junit.platform.launcher.core.DefaultLauncher.execute(DefaultLauncher.java:103)
	at org.junit.platform.launcher.core.DefaultLauncher.execute(DefaultLauncher.java:85)
	at org.junit.platform.launcher.core.DelegatingLauncher.execute(DelegatingLauncher.java:47)
	at org.apache.maven.surefire.junitplatform.LazyLauncher.execute(LazyLauncher.java:56)
	at org.apache.maven.surefire.junitplatform.JUnitPlatformProvider.execute(JUnitPlatformProvider.java:184)
	at org.apache.maven.surefire.junitplatform.JUnitPlatformProvider.invokeAllTests(JUnitPlatformProvider.java:148)
	at org.apache.maven.surefire.junitplatform.JUnitPlatformProvider.invoke(JUnitPlatformProvider.java:122)
	at org.apache.maven.surefire.booter.ForkedBooter.runSuitesInProcess(ForkedBooter.java:385)
	at org.apache.maven.surefire.booter.ForkedBooter.execute(ForkedBooter.java:162)
	at org.apache.maven.surefire.booter.ForkedBooter.run(ForkedBooter.java:507)
	at org.apache.maven.surefire.booter.ForkedBooter.main(ForkedBooter.java:495)
]]></system-err>
  </testcase>
  <testcase name="register_ConEmailDuplicado_DeberiaRetornarError" classname="com.tatutaller.controller.AuthControllerTest" time="0.053">
    <system-out><![CDATA[2025-06-28T21:16:35.144-03:00 DEBUG 6180 --- [tatutallerdb] [           main] o.s.security.web.FilterChainProxy        : Securing POST /api/auth/register
2025-06-28T21:16:35.144-03:00 DEBUG 6180 --- [tatutallerdb] [           main] o.s.s.w.a.AnonymousAuthenticationFilter  : Set SecurityContextHolder to anonymous SecurityContext
2025-06-28T21:16:35.146-03:00 DEBUG 6180 --- [tatutallerdb] [           main] o.s.security.web.FilterChainProxy        : Secured POST /api/auth/register
]]></system-out>
  </testcase>
  <testcase name="register_ConDatosInvalidos_DeberiaRetornarErrorValidacion(String, String, String, String)[1]" classname="com.tatutaller.controller.AuthControllerTest" time="0.083">
    <system-out><![CDATA[2025-06-28T21:16:35.311-03:00 DEBUG 6180 --- [tatutallerdb] [           main] o.s.security.web.FilterChainProxy        : Securing POST /api/auth/register
2025-06-28T21:16:35.311-03:00 DEBUG 6180 --- [tatutallerdb] [           main] o.s.s.w.a.AnonymousAuthenticationFilter  : Set SecurityContextHolder to anonymous SecurityContext
2025-06-28T21:16:35.311-03:00 DEBUG 6180 --- [tatutallerdb] [           main] o.s.security.web.FilterChainProxy        : Secured POST /api/auth/register
]]></system-out>
  </testcase>
  <testcase name="register_ConDatosInvalidos_DeberiaRetornarErrorValidacion(String, String, String, String)[2]" classname="com.tatutaller.controller.AuthControllerTest" time="0.02">
    <system-out><![CDATA[2025-06-28T21:16:35.369-03:00 DEBUG 6180 --- [tatutallerdb] [           main] o.s.security.web.FilterChainProxy        : Securing POST /api/auth/register
2025-06-28T21:16:35.370-03:00 DEBUG 6180 --- [tatutallerdb] [           main] o.s.s.w.a.AnonymousAuthenticationFilter  : Set SecurityContextHolder to anonymous SecurityContext
2025-06-28T21:16:35.371-03:00 DEBUG 6180 --- [tatutallerdb] [           main] o.s.security.web.FilterChainProxy        : Secured POST /api/auth/register
]]></system-out>
  </testcase>
  <testcase name="register_ConDatosInvalidos_DeberiaRetornarErrorValidacion(String, String, String, String)[3]" classname="com.tatutaller.controller.AuthControllerTest" time="0.022">
    <system-out><![CDATA[2025-06-28T21:16:35.394-03:00 DEBUG 6180 --- [tatutallerdb] [           main] o.s.security.web.FilterChainProxy        : Securing POST /api/auth/register
2025-06-28T21:16:35.395-03:00 DEBUG 6180 --- [tatutallerdb] [           main] o.s.s.w.a.AnonymousAuthenticationFilter  : Set SecurityContextHolder to anonymous SecurityContext
2025-06-28T21:16:35.395-03:00 DEBUG 6180 --- [tatutallerdb] [           main] o.s.security.web.FilterChainProxy        : Secured POST /api/auth/register
]]></system-out>
  </testcase>
  <testcase name="register_ConDatosInvalidos_DeberiaRetornarErrorValidacion(String, String, String, String)[4]" classname="com.tatutaller.controller.AuthControllerTest" time="0.02">
    <system-out><![CDATA[2025-06-28T21:16:35.422-03:00 DEBUG 6180 --- [tatutallerdb] [           main] o.s.security.web.FilterChainProxy        : Securing POST /api/auth/register
2025-06-28T21:16:35.423-03:00 DEBUG 6180 --- [tatutallerdb] [           main] o.s.s.w.a.AnonymousAuthenticationFilter  : Set SecurityContextHolder to anonymous SecurityContext
2025-06-28T21:16:35.423-03:00 DEBUG 6180 --- [tatutallerdb] [           main] o.s.security.web.FilterChainProxy        : Secured POST /api/auth/register
]]></system-out>
  </testcase>
  <testcase name="register_ConDatosInvalidos_DeberiaRetornarErrorValidacion(String, String, String, String)[5]" classname="com.tatutaller.controller.AuthControllerTest" time="0.024">
    <system-out><![CDATA[2025-06-28T21:16:35.448-03:00 DEBUG 6180 --- [tatutallerdb] [           main] o.s.security.web.FilterChainProxy        : Securing POST /api/auth/register
2025-06-28T21:16:35.449-03:00 DEBUG 6180 --- [tatutallerdb] [           main] o.s.s.w.a.AnonymousAuthenticationFilter  : Set SecurityContextHolder to anonymous SecurityContext
2025-06-28T21:16:35.449-03:00 DEBUG 6180 --- [tatutallerdb] [           main] o.s.security.web.FilterChainProxy        : Secured POST /api/auth/register
]]></system-out>
  </testcase>
  <testcase name="register_ConDatosInvalidos_DeberiaRetornarErrorValidacion(String, String, String, String)[6]" classname="com.tatutaller.controller.AuthControllerTest" time="0.022">
    <system-out><![CDATA[2025-06-28T21:16:35.475-03:00 DEBUG 6180 --- [tatutallerdb] [           main] o.s.security.web.FilterChainProxy        : Securing POST /api/auth/register
2025-06-28T21:16:35.476-03:00 DEBUG 6180 --- [tatutallerdb] [           main] o.s.s.w.a.AnonymousAuthenticationFilter  : Set SecurityContextHolder to anonymous SecurityContext
2025-06-28T21:16:35.476-03:00 DEBUG 6180 --- [tatutallerdb] [           main] o.s.security.web.FilterChainProxy        : Secured POST /api/auth/register
]]></system-out>
  </testcase>
  <testcase name="register_ConDatosInvalidos_DeberiaRetornarErrorValidacion(String, String, String, String)[7]" classname="com.tatutaller.controller.AuthControllerTest" time="0.022">
    <system-out><![CDATA[2025-06-28T21:16:35.506-03:00 DEBUG 6180 --- [tatutallerdb] [           main] o.s.security.web.FilterChainProxy        : Securing POST /api/auth/register
2025-06-28T21:16:35.506-03:00 DEBUG 6180 --- [tatutallerdb] [           main] o.s.s.w.a.AnonymousAuthenticationFilter  : Set SecurityContextHolder to anonymous SecurityContext
2025-06-28T21:16:35.507-03:00 DEBUG 6180 --- [tatutallerdb] [           main] o.s.security.web.FilterChainProxy        : Secured POST /api/auth/register
]]></system-out>
  </testcase>
  <testcase name="register_ConDatosInvalidos_DeberiaRetornarErrorValidacion(String, String, String, String)[8]" classname="com.tatutaller.controller.AuthControllerTest" time="0.041">
    <system-out><![CDATA[2025-06-28T21:16:35.547-03:00 DEBUG 6180 --- [tatutallerdb] [           main] o.s.security.web.FilterChainProxy        : Securing POST /api/auth/register
2025-06-28T21:16:35.547-03:00 DEBUG 6180 --- [tatutallerdb] [           main] o.s.s.w.a.AnonymousAuthenticationFilter  : Set SecurityContextHolder to anonymous SecurityContext
2025-06-28T21:16:35.548-03:00 DEBUG 6180 --- [tatutallerdb] [           main] o.s.security.web.FilterChainProxy        : Secured POST /api/auth/register
]]></system-out>
  </testcase>
  <testcase name="register_ConDatosInvalidos_DeberiaRetornarErrorValidacion(String, String, String, String)[9]" classname="com.tatutaller.controller.AuthControllerTest" time="0.019">
    <system-out><![CDATA[2025-06-28T21:16:35.573-03:00 DEBUG 6180 --- [tatutallerdb] [           main] o.s.security.web.FilterChainProxy        : Securing POST /api/auth/register
2025-06-28T21:16:35.574-03:00 DEBUG 6180 --- [tatutallerdb] [           main] o.s.s.w.a.AnonymousAuthenticationFilter  : Set SecurityContextHolder to anonymous SecurityContext
2025-06-28T21:16:35.575-03:00 DEBUG 6180 --- [tatutallerdb] [           main] o.s.security.web.FilterChainProxy        : Secured POST /api/auth/register
]]></system-out>
  </testcase>
  <testcase name="register_ConDatosValidos_DeberiaCrearUsuario" classname="com.tatutaller.controller.AuthControllerTest" time="0.075">
    <system-out><![CDATA[2025-06-28T21:16:35.611-03:00 DEBUG 6180 --- [tatutallerdb] [           main] o.s.security.web.FilterChainProxy        : Securing POST /api/auth/register
2025-06-28T21:16:35.612-03:00 DEBUG 6180 --- [tatutallerdb] [           main] o.s.s.w.a.AnonymousAuthenticationFilter  : Set SecurityContextHolder to anonymous SecurityContext
2025-06-28T21:16:35.612-03:00 DEBUG 6180 --- [tatutallerdb] [           main] o.s.security.web.FilterChainProxy        : Secured POST /api/auth/register
]]></system-out>
  </testcase>
  <testcase name="login_ConDatosInvalidos_DeberiaRetornarErrorValidacion(String, String, String)[1]" classname="com.tatutaller.controller.AuthControllerTest" time="0.018">
    <system-out><![CDATA[2025-06-28T21:16:35.681-03:00 DEBUG 6180 --- [tatutallerdb] [           main] o.s.security.web.FilterChainProxy        : Securing POST /api/auth/login
2025-06-28T21:16:35.681-03:00 DEBUG 6180 --- [tatutallerdb] [           main] o.s.s.w.a.AnonymousAuthenticationFilter  : Set SecurityContextHolder to anonymous SecurityContext
2025-06-28T21:16:35.682-03:00 DEBUG 6180 --- [tatutallerdb] [           main] o.s.security.web.FilterChainProxy        : Secured POST /api/auth/login
]]></system-out>
  </testcase>
  <testcase name="login_ConDatosInvalidos_DeberiaRetornarErrorValidacion(String, String, String)[2]" classname="com.tatutaller.controller.AuthControllerTest" time="0.019">
    <system-out><![CDATA[2025-06-28T21:16:35.704-03:00 DEBUG 6180 --- [tatutallerdb] [           main] o.s.security.web.FilterChainProxy        : Securing POST /api/auth/login
2025-06-28T21:16:35.704-03:00 DEBUG 6180 --- [tatutallerdb] [           main] o.s.s.w.a.AnonymousAuthenticationFilter  : Set SecurityContextHolder to anonymous SecurityContext
2025-06-28T21:16:35.704-03:00 DEBUG 6180 --- [tatutallerdb] [           main] o.s.security.web.FilterChainProxy        : Secured POST /api/auth/login
]]></system-out>
  </testcase>
  <testcase name="login_ConDatosInvalidos_DeberiaRetornarErrorValidacion(String, String, String)[3]" classname="com.tatutaller.controller.AuthControllerTest" time="0.024">
    <system-out><![CDATA[2025-06-28T21:16:35.732-03:00 DEBUG 6180 --- [tatutallerdb] [           main] o.s.security.web.FilterChainProxy        : Securing POST /api/auth/login
2025-06-28T21:16:35.733-03:00 DEBUG 6180 --- [tatutallerdb] [           main] o.s.s.w.a.AnonymousAuthenticationFilter  : Set SecurityContextHolder to anonymous SecurityContext
2025-06-28T21:16:35.733-03:00 DEBUG 6180 --- [tatutallerdb] [           main] o.s.security.web.FilterChainProxy        : Secured POST /api/auth/login
]]></system-out>
  </testcase>
  <testcase name="login_ConDatosInvalidos_DeberiaRetornarErrorValidacion(String, String, String)[4]" classname="com.tatutaller.controller.AuthControllerTest" time="0.018">
    <system-out><![CDATA[2025-06-28T21:16:35.755-03:00 DEBUG 6180 --- [tatutallerdb] [           main] o.s.security.web.FilterChainProxy        : Securing POST /api/auth/login
2025-06-28T21:16:35.755-03:00 DEBUG 6180 --- [tatutallerdb] [           main] o.s.s.w.a.AnonymousAuthenticationFilter  : Set SecurityContextHolder to anonymous SecurityContext
2025-06-28T21:16:35.755-03:00 DEBUG 6180 --- [tatutallerdb] [           main] o.s.security.web.FilterChainProxy        : Secured POST /api/auth/login
]]></system-out>
  </testcase>
  <testcase name="login_ConDatosInvalidos_DeberiaRetornarErrorValidacion(String, String, String)[5]" classname="com.tatutaller.controller.AuthControllerTest" time="0.02">
    <system-out><![CDATA[2025-06-28T21:16:35.782-03:00 DEBUG 6180 --- [tatutallerdb] [           main] o.s.security.web.FilterChainProxy        : Securing POST /api/auth/login
2025-06-28T21:16:35.782-03:00 DEBUG 6180 --- [tatutallerdb] [           main] o.s.s.w.a.AnonymousAuthenticationFilter  : Set SecurityContextHolder to anonymous SecurityContext
2025-06-28T21:16:35.782-03:00 DEBUG 6180 --- [tatutallerdb] [           main] o.s.security.web.FilterChainProxy        : Secured POST /api/auth/login
]]></system-out>
  </testcase>
  <testcase name="login_ConDatosInvalidos_DeberiaRetornarErrorValidacion(String, String, String)[6]" classname="com.tatutaller.controller.AuthControllerTest" time="0.016">
    <system-out><![CDATA[2025-06-28T21:16:35.801-03:00 DEBUG 6180 --- [tatutallerdb] [           main] o.s.security.web.FilterChainProxy        : Securing POST /api/auth/login
2025-06-28T21:16:35.802-03:00 DEBUG 6180 --- [tatutallerdb] [           main] o.s.s.w.a.AnonymousAuthenticationFilter  : Set SecurityContextHolder to anonymous SecurityContext
2025-06-28T21:16:35.802-03:00 DEBUG 6180 --- [tatutallerdb] [           main] o.s.security.web.FilterChainProxy        : Secured POST /api/auth/login
]]></system-out>
  </testcase>
  <testcase name="login_ConDatosInvalidos_DeberiaRetornarErrorValidacion(String, String, String)[7]" classname="com.tatutaller.controller.AuthControllerTest" time="0.017">
    <system-out><![CDATA[2025-06-28T21:16:35.821-03:00 DEBUG 6180 --- [tatutallerdb] [           main] o.s.security.web.FilterChainProxy        : Securing POST /api/auth/login
2025-06-28T21:16:35.822-03:00 DEBUG 6180 --- [tatutallerdb] [           main] o.s.s.w.a.AnonymousAuthenticationFilter  : Set SecurityContextHolder to anonymous SecurityContext
2025-06-28T21:16:35.823-03:00 DEBUG 6180 --- [tatutallerdb] [           main] o.s.security.web.FilterChainProxy        : Secured POST /api/auth/login
]]></system-out>
  </testcase>
  <testcase name="register_ConErrorEnEmail_DeberiaCompletarRegistro" classname="com.tatutaller.controller.AuthControllerTest" time="0.023">
    <system-out><![CDATA[2025-06-28T21:16:35.849-03:00 DEBUG 6180 --- [tatutallerdb] [           main] o.s.security.web.FilterChainProxy        : Securing POST /api/auth/register
2025-06-28T21:16:35.850-03:00 DEBUG 6180 --- [tatutallerdb] [           main] o.s.s.w.a.AnonymousAuthenticationFilter  : Set SecurityContextHolder to anonymous SecurityContext
2025-06-28T21:16:35.851-03:00 DEBUG 6180 --- [tatutallerdb] [           main] o.s.security.web.FilterChainProxy        : Secured POST /api/auth/register
]]></system-out>
    <system-err><![CDATA[Error enviando email de bienvenida: Error de email
]]></system-err>
  </testcase>
  <testcase name="login_ConCredencialesValidas_DeberiaRetornarJwtResponse" classname="com.tatutaller.controller.AuthControllerTest" time="0.022">
    <system-out><![CDATA[2025-06-28T21:16:35.873-03:00 DEBUG 6180 --- [tatutallerdb] [           main] o.s.security.web.FilterChainProxy        : Securing POST /api/auth/login
2025-06-28T21:16:35.874-03:00 DEBUG 6180 --- [tatutallerdb] [           main] o.s.s.w.a.AnonymousAuthenticationFilter  : Set SecurityContextHolder to anonymous SecurityContext
2025-06-28T21:16:35.875-03:00 DEBUG 6180 --- [tatutallerdb] [           main] o.s.security.web.FilterChainProxy        : Secured POST /api/auth/login
=== RECIBIDA PETICIÓN POST LOGIN ===
Email recibido: 'user@test.com'
Password recibido: 'password123'
=======================================
Intento de login para email: user@test.com
Login exitoso para: user@test.com
]]></system-out>
  </testcase>
  <testcase name="register_ConDiferentesPasswords_DeberiaValidarCorrectamente(String)[1]" classname="com.tatutaller.controller.AuthControllerTest" time="0.027">
    <system-out><![CDATA[2025-06-28T21:16:35.905-03:00 DEBUG 6180 --- [tatutallerdb] [           main] o.s.security.web.FilterChainProxy        : Securing POST /api/auth/register
2025-06-28T21:16:35.905-03:00 DEBUG 6180 --- [tatutallerdb] [           main] o.s.s.w.a.AnonymousAuthenticationFilter  : Set SecurityContextHolder to anonymous SecurityContext
2025-06-28T21:16:35.906-03:00 DEBUG 6180 --- [tatutallerdb] [           main] o.s.security.web.FilterChainProxy        : Secured POST /api/auth/register
]]></system-out>
  </testcase>
  <testcase name="register_ConDiferentesPasswords_DeberiaValidarCorrectamente(String)[2]" classname="com.tatutaller.controller.AuthControllerTest" time="0.017">
    <system-out><![CDATA[2025-06-28T21:16:35.936-03:00 DEBUG 6180 --- [tatutallerdb] [           main] o.s.security.web.FilterChainProxy        : Securing POST /api/auth/register
2025-06-28T21:16:35.937-03:00 DEBUG 6180 --- [tatutallerdb] [           main] o.s.s.w.a.AnonymousAuthenticationFilter  : Set SecurityContextHolder to anonymous SecurityContext
2025-06-28T21:16:35.937-03:00 DEBUG 6180 --- [tatutallerdb] [           main] o.s.security.web.FilterChainProxy        : Secured POST /api/auth/register
]]></system-out>
  </testcase>
  <testcase name="register_ConDiferentesPasswords_DeberiaValidarCorrectamente(String)[3]" classname="com.tatutaller.controller.AuthControllerTest" time="0.017">
    <system-out><![CDATA[2025-06-28T21:16:35.955-03:00 DEBUG 6180 --- [tatutallerdb] [           main] o.s.security.web.FilterChainProxy        : Securing POST /api/auth/register
2025-06-28T21:16:35.956-03:00 DEBUG 6180 --- [tatutallerdb] [           main] o.s.s.w.a.AnonymousAuthenticationFilter  : Set SecurityContextHolder to anonymous SecurityContext
2025-06-28T21:16:35.956-03:00 DEBUG 6180 --- [tatutallerdb] [           main] o.s.security.web.FilterChainProxy        : Secured POST /api/auth/register
]]></system-out>
  </testcase>
  <testcase name="register_ConDiferentesPasswords_DeberiaValidarCorrectamente(String)[4]" classname="com.tatutaller.controller.AuthControllerTest" time="0.023">
    <system-out><![CDATA[2025-06-28T21:16:35.981-03:00 DEBUG 6180 --- [tatutallerdb] [           main] o.s.security.web.FilterChainProxy        : Securing POST /api/auth/register
2025-06-28T21:16:35.982-03:00 DEBUG 6180 --- [tatutallerdb] [           main] o.s.s.w.a.AnonymousAuthenticationFilter  : Set SecurityContextHolder to anonymous SecurityContext
2025-06-28T21:16:35.982-03:00 DEBUG 6180 --- [tatutallerdb] [           main] o.s.security.web.FilterChainProxy        : Secured POST /api/auth/register
]]></system-out>
  </testcase>
</testsuite>